[INFO ] 2019-12-19 13:25:17.593 [main] TestDAO - Connecting to database...
[INFO ] 2019-12-19 13:25:17.861 [main] TestDAO - Creating statement in given table...
[INFO ] 2019-12-19 13:25:17.889 [main] TestDAO - Created statement in given table...
[INFO ] 2019-12-19 13:26:09.552 [main] TestDAO - Connecting to database...
[INFO ] 2019-12-19 13:26:09.839 [main] TestDAO - Creating statement in given table...
[INFO ] 2019-12-19 13:26:09.859 [main] TestDAO - Created statement in given table...
[INFO ] 2019-12-19 13:26:50.571 [main] TestDAO - Connecting to database...
[INFO ] 2019-12-19 13:26:50.835 [main] TestDAO - Creating statement in given table...
[INFO ] 2019-12-19 13:26:50.855 [main] TestDAO - Created statement in given table...
[INFO ] 2019-12-19 13:28:03.517 [main] TestDAO - Connecting to database...
[INFO ] 2019-12-19 13:28:03.749 [main] TestDAO - Creating statement in given table...
[INFO ] 2019-12-19 13:28:03.773 [main] TestDAO - Created statement in given table...
[INFO ] 2019-12-19 13:28:03.777 [main] TestDAO - Object succesfully deleted
[INFO ] 2019-12-19 13:28:57.162 [main] TestDAO - Connecting to database...
[INFO ] 2019-12-19 13:28:57.446 [main] TestDAO - Creating statement in given table...
[INFO ] 2019-12-19 13:28:57.458 [main] TestDAO - Created statement in given table...
[INFO ] 2019-12-19 13:28:57.466 [main] TestDAO - Object succesfully deleted
[INFO ] 2019-12-19 13:29:19.941 [main] TestDAO - Connecting to database...
[INFO ] 2019-12-19 13:29:20.165 [main] TestDAO - Creating statement in given table...
[INFO ] 2019-12-19 13:29:20.181 [main] TestDAO - Created statement in given table...
[INFO ] 2019-12-19 13:29:20.193 [main] TestDAO - Object succesfully deleted
[INFO ] 2019-12-19 13:29:37.327 [main] TestDAO - Connecting to database...
[INFO ] 2019-12-19 13:29:37.551 [main] TestDAO - Creating statement in given table...
[INFO ] 2019-12-19 13:29:37.571 [main] TestDAO - Created statement in given table...
[INFO ] 2019-12-19 13:29:37.579 [main] TestDAO - Object succesfully deleted
[INFO ] 2019-12-19 13:29:55.128 [main] TestDAO - Connecting to database...
[INFO ] 2019-12-19 13:29:55.344 [main] TestDAO - Creating statement in given table...
[INFO ] 2019-12-19 13:29:55.356 [main] TestDAO - Created statement in given table...
[INFO ] 2019-12-19 13:29:55.364 [main] TestDAO - Object succesfully deleted
[INFO ] 2019-12-19 13:35:34.284 [main] TestDAO - Connecting to database...
[INFO ] 2019-12-19 13:35:34.648 [main] TestDAO - Creating statement in given table...
[INFO ] 2019-12-19 13:35:34.660 [main] TestDAO - Created statement in given table...
[INFO ] 2019-12-19 13:35:34.660 [main] TestDAO - Object succesfully deleted
[ERROR] 2019-12-19 13:35:34.660 [main] TestDAO - Object was not deleted
[INFO ] 2019-12-19 13:36:06.634 [main] TestDAO - Connecting to database...
[INFO ] 2019-12-19 13:36:06.984 [main] TestDAO - Creating statement in given table...
[INFO ] 2019-12-19 13:36:06.996 [main] TestDAO - Created statement in given table...
[INFO ] 2019-12-19 13:36:07.000 [main] TestDAO - Object succesfully deleted
[ERROR] 2019-12-19 13:36:07.000 [main] TestDAO - Object was not deleted
[INFO ] 2019-12-19 13:36:07.016 [main] TestDAO - Object succesfully updated
[INFO ] 2019-12-19 13:43:16.949 [main] TestDAO - Connecting to database...
[INFO ] 2019-12-19 13:43:17.181 [main] TestDAO - Creating statement in given table...
[ERROR] 2019-12-19 13:43:17.309 [main] TestDAO - ID not found
[INFO ] 2019-12-19 13:43:44.073 [main] TestDAO - Connecting to database...
[INFO ] 2019-12-19 13:43:44.329 [main] TestDAO - Creating statement in given table...
